<?xml version="1.0" encoding="UTF-8"?>
<!-- Generated by org.testng.reporters.JUnitXMLReporter -->
<testsuite ignored="0" hostname="LAPTOP-70GCA9GP" failures="0" tests="3" name="Add Customer" time="11.3" errors="0" timestamp="2024-07-08T22:42:49 IST">
  <testcase classname="com.sdet.testcases.AddCustomerTest" name="Add_Customer" time="3.39"/>
  <testcase classname="com.sdet.testcases.AddCustomerTest" name="Add_Customer" time="3.399"/>
  <testcase classname="com.sdet.testcases.AddCustomerTest" name="Add_Customer" time="3.357"/>
</testsuite> <!-- Add Customer -->
