<?xml version="1.0" encoding="UTF-8"?>
<testsuite xmlns:xsi="http://www.w3.org/2001/XMLSchema-instance" xsi:noNamespaceSchemaLocation="https://maven.apache.org/surefire/maven-surefire-plugin/xsd/surefire-test-report-3.0.xsd" version="3.0" name="TestSuite" time="18.389" tests="4" errors="0" skipped="0" failures="0">
  <properties>
[...]
</properties>
  <testcase name="LoginAsBankManager" classname="com.sdet.testcases.LoginAsBankManagerTest" time="0.13">
    <system-out><![CDATA[success
]]></system-out>
    <system-err><![CDATA[SLF4J: Failed to load class "org.slf4j.impl.StaticLoggerBinder".
SLF4J: Defaulting to no-operation (NOP) logger implementation
SLF4J: See http://www.slf4j.org/codes.html#StaticLoggerBinder for further details.
]]></system-err>
  </testcase>
  <testcase name="Add_Customer[sasuke, uchiha, 2345, Customer added successfully](1)" classname="com.sdet.testcases.AddCustomerTest" time="3.39">
    <system-out><![CDATA[sasuke uchiha 2345 Customer added successfully 
pikachu ketchup 6534 Customer added successfully 
chandan Mishra 486889 Customer added successfully 
Adding customer: sasuke uchiha 2345
]]></system-out>
  </testcase>
  <testcase name="Add_Customer[pikachu, ketchup, 6534, Customer added successfully](2)" classname="com.sdet.testcases.AddCustomerTest" time="3.401">
    <system-out><![CDATA[Adding customer: pikachu ketchup 6534
]]></system-out>
  </testcase>
  <testcase name="Add_Customer[chandan, Mishra, 486889, Customer added successfully](3)" classname="com.sdet.testcases.AddCustomerTest" time="3.357">
    <system-out><![CDATA[Adding customer: chandan Mishra 486889
]]></system-out>
  </testcase>
</testsuite>