<?xml version="1.0" encoding="UTF-8"?>
<!-- Generated by org.testng.reporters.JUnitXMLReporter -->
<testsuite ignored="0" hostname="LAPTOP-70GCA9GP" failures="0" tests="3" name="Add Customer" time="11.435" errors="0" timestamp="2024-07-07T13:20:31 IST">
  <testcase classname="com.sdet.testcases.AddCustomerTest" name="Add_Customer" time="3.39"/>
  <testcase classname="com.sdet.testcases.AddCustomerTest" name="Add_Customer" time="3.38"/>
  <testcase classname="com.sdet.testcases.AddCustomerTest" name="Add_Customer" time="3.435"/>
</testsuite> <!-- Add Customer -->
